Analysis & Elaboration report for relogio
Sun Apr 17 21:36:00 2022
Quartus Prime Version 20.1.0 Build 711 06/05/2020 SJ Lite Edition


---------------------
; Table of Contents ;
---------------------
  1. Legal Notice
  2. Analysis & Elaboration Summary
  3. Parallel Compilation
  4. Parameter Settings for User Entity Instance: Top-level Entity: |relogio
  5. Parameter Settings for User Entity Instance: memoriaROM:ROM_instrucao
  6. Parameter Settings for User Entity Instance: memoriaRAM:MemoriaRAM
  7. Parameter Settings for User Entity Instance: processador:Processador
  8. Parameter Settings for User Entity Instance: processador:Processador|muxGenerico2x1:MUX1
  9. Parameter Settings for User Entity Instance: processador:Processador|registradorGenerico:REGA
 10. Parameter Settings for User Entity Instance: processador:Processador|registradorGenerico:PC
 11. Parameter Settings for User Entity Instance: processador:Processador|somaConstante:incrementaPC
 12. Parameter Settings for User Entity Instance: processador:Processador|registradorGenerico:reg_endretorno
 13. Parameter Settings for User Entity Instance: processador:Processador|muxGenerico4x1:MUX4x1
 14. Parameter Settings for User Entity Instance: processador:Processador|ULASomaSub:ULA1
 15. Parameter Settings for User Entity Instance: processador:Processador|flipFlop:flagIgual
 16. Parameter Settings for User Entity Instance: AND_logic:AndLed2
 17. Parameter Settings for User Entity Instance: AND_logic:AndLed1
 18. Parameter Settings for User Entity Instance: AND_logic:AndLedR
 19. Parameter Settings for User Entity Instance: AND_logic:AndHEX0
 20. Parameter Settings for User Entity Instance: AND_logic:AndHEX1
 21. Parameter Settings for User Entity Instance: AND_logic:AndHEX2
 22. Parameter Settings for User Entity Instance: AND_logic:AndHEX3
 23. Parameter Settings for User Entity Instance: AND_logic:AndHEX4
 24. Parameter Settings for User Entity Instance: AND_logic:AndHEX5
 25. Parameter Settings for User Entity Instance: AND_logic:AndSW0_7
 26. Parameter Settings for User Entity Instance: AND_logic:AndSW8
 27. Parameter Settings for User Entity Instance: AND_logic:AndSW9
 28. Parameter Settings for User Entity Instance: AND_logic:AndKEY0
 29. Parameter Settings for User Entity Instance: AND_logic:AndKEY1
 30. Parameter Settings for User Entity Instance: AND_logic:AndKEY2
 31. Parameter Settings for User Entity Instance: AND_logic:AndKEY3
 32. Parameter Settings for User Entity Instance: AND_logic:AndKEY_RESET
 33. Parameter Settings for User Entity Instance: flipFlop:flipFlopLed2
 34. Parameter Settings for User Entity Instance: flipFlop:flipFlopLed1
 35. Parameter Settings for User Entity Instance: registradorGenerico:RegistradorLedR
 36. Parameter Settings for User Entity Instance: registradorGenerico:RegistradorHEX0
 37. Parameter Settings for User Entity Instance: registradorGenerico:RegistradorHEX1
 38. Parameter Settings for User Entity Instance: registradorGenerico:RegistradorHEX2
 39. Parameter Settings for User Entity Instance: registradorGenerico:RegistradorHEX3
 40. Parameter Settings for User Entity Instance: registradorGenerico:RegistradorHEX4
 41. Parameter Settings for User Entity Instance: registradorGenerico:RegistradorHEX5
 42. Parameter Settings for User Entity Instance: flipFlop:FFDebouceMem_key0
 43. Parameter Settings for User Entity Instance: flipFlop:FFDebouceMem_key1
 44. Analysis & Elaboration Settings
 45. Port Connectivity Checks: "flipFlop:FFDebouceMem_key1"
 46. Port Connectivity Checks: "flipFlop:FFDebouceMem_key0"
 47. Port Connectivity Checks: "conversorHex7Seg:decoderHEX5"
 48. Port Connectivity Checks: "conversorHex7Seg:decoderHEX4"
 49. Port Connectivity Checks: "conversorHex7Seg:decoderHEX3"
 50. Port Connectivity Checks: "conversorHex7Seg:decoderHEX2"
 51. Port Connectivity Checks: "conversorHex7Seg:decoderHEX1"
 52. Port Connectivity Checks: "conversorHex7Seg:decoderHEX0"
 53. Port Connectivity Checks: "DecoderAddress:DecoderSelEnd"
 54. Port Connectivity Checks: "DecoderAddress:DecoderHabBloc"
 55. Port Connectivity Checks: "processador:Processador|DecoderInstruction:decoder"
 56. Port Connectivity Checks: "processador:Processador|muxGenerico4x1:MUX4x1"
 57. Port Connectivity Checks: "processador:Processador|registradorGenerico:PC"
 58. Analysis & Elaboration Messages



----------------
; Legal Notice ;
----------------
Copyright (C) 2020  Intel Corporation. All rights reserved.
Your use of Intel Corporation's design tools, logic functions 
and other software and tools, and any partner logic 
functions, and any output files from any of the foregoing 
(including device programming or simulation files), and any 
associated documentation or information are expressly subject 
to the terms and conditions of the Intel Program License 
Subscription Agreement, the Intel Quartus Prime License Agreement,
the Intel FPGA IP License Agreement, or other applicable license
agreement, including, without limitation, that your use is for
the sole purpose of programming logic devices manufactured by
Intel and sold by Intel or its authorized distributors.  Please
refer to the applicable agreement for further details, at
https://fpgasoftware.intel.com/eula.



+-----------------------------------------------------------------------------+
; Analysis & Elaboration Summary                                              ;
+-------------------------------+---------------------------------------------+
; Analysis & Elaboration Status ; Successful - Sun Apr 17 21:36:00 2022       ;
; Quartus Prime Version         ; 20.1.0 Build 711 06/05/2020 SJ Lite Edition ;
; Revision Name                 ; relogio                                     ;
; Top-level Entity Name         ; relogio                                     ;
; Family                        ; Cyclone V                                   ;
; Logic utilization (in ALMs)   ; N/A until Partition Merge                   ;
; Total registers               ; N/A until Partition Merge                   ;
; Total pins                    ; N/A until Partition Merge                   ;
; Total virtual pins            ; N/A until Partition Merge                   ;
; Total block memory bits       ; N/A until Partition Merge                   ;
; Total PLLs                    ; N/A until Partition Merge                   ;
; Total DLLs                    ; N/A until Partition Merge                   ;
+-------------------------------+---------------------------------------------+


+------------------------------------------+
; Parallel Compilation                     ;
+----------------------------+-------------+
; Processors                 ; Number      ;
+----------------------------+-------------+
; Number detected on machine ; 8           ;
; Maximum allowed            ; 4           ;
;                            ;             ;
; Average used               ; 1.00        ;
; Maximum used               ; 1           ;
;                            ;             ;
; Usage by Processor         ; % Time Used ;
;     Processor 1            ; 100.0%      ;
+----------------------------+-------------+


+-------------------------------------------------------------------------+
; Parameter Settings for User Entity Instance: Top-level Entity: |relogio ;
+------------------+-------+----------------------------------------------+
; Parameter Name   ; Value ; Type                                         ;
+------------------+-------+----------------------------------------------+
; larguraDados     ; 8     ; Signed Integer                               ;
; larguraEnderecos ; 9     ; Signed Integer                               ;
; tamanhoROM       ; 9     ; Signed Integer                               ;
; dadoROM          ; 13    ; Signed Integer                               ;
; tamanhoRAM       ; 6     ; Signed Integer                               ;
; dadoRAM          ; 8     ; Signed Integer                               ;
; simulacao        ; true  ; Enumerated                                   ;
+------------------+-------+----------------------------------------------+
Note: In order to hide this table in the UI and the text report file, please set the "Show Parameter Settings in Synthesis Report" option in "Analysis and Synthesis Settings -> More Settings" to "Off".


+-----------------------------------------------------------------------+
; Parameter Settings for User Entity Instance: memoriaROM:ROM_instrucao ;
+----------------+-------+----------------------------------------------+
; Parameter Name ; Value ; Type                                         ;
+----------------+-------+----------------------------------------------+
; datawidth      ; 13    ; Signed Integer                               ;
; addrwidth      ; 9     ; Signed Integer                               ;
+----------------+-------+----------------------------------------------+
Note: In order to hide this table in the UI and the text report file, please set the "Show Parameter Settings in Synthesis Report" option in "Analysis and Synthesis Settings -> More Settings" to "Off".


+--------------------------------------------------------------------+
; Parameter Settings for User Entity Instance: memoriaRAM:MemoriaRAM ;
+----------------+-------+-------------------------------------------+
; Parameter Name ; Value ; Type                                      ;
+----------------+-------+-------------------------------------------+
; datawidth      ; 8     ; Signed Integer                            ;
; addrwidth      ; 6     ; Signed Integer                            ;
+----------------+-------+-------------------------------------------+
Note: In order to hide this table in the UI and the text report file, please set the "Show Parameter Settings in Synthesis Report" option in "Analysis and Synthesis Settings -> More Settings" to "Off".


+----------------------------------------------------------------------+
; Parameter Settings for User Entity Instance: processador:Processador ;
+------------------+-------+-------------------------------------------+
; Parameter Name   ; Value ; Type                                      ;
+------------------+-------+-------------------------------------------+
; larguradados     ; 8     ; Signed Integer                            ;
; larguraenderecos ; 9     ; Signed Integer                            ;
+------------------+-------+-------------------------------------------+
Note: In order to hide this table in the UI and the text report file, please set the "Show Parameter Settings in Synthesis Report" option in "Analysis and Synthesis Settings -> More Settings" to "Off".


+------------------------------------------------------------------------------------------+
; Parameter Settings for User Entity Instance: processador:Processador|muxGenerico2x1:MUX1 ;
+----------------+-------+-----------------------------------------------------------------+
; Parameter Name ; Value ; Type                                                            ;
+----------------+-------+-----------------------------------------------------------------+
; larguradados   ; 8     ; Signed Integer                                                  ;
+----------------+-------+-----------------------------------------------------------------+
Note: In order to hide this table in the UI and the text report file, please set the "Show Parameter Settings in Synthesis Report" option in "Analysis and Synthesis Settings -> More Settings" to "Off".


+-----------------------------------------------------------------------------------------------+
; Parameter Settings for User Entity Instance: processador:Processador|registradorGenerico:REGA ;
+----------------+-------+----------------------------------------------------------------------+
; Parameter Name ; Value ; Type                                                                 ;
+----------------+-------+----------------------------------------------------------------------+
; larguradados   ; 8     ; Signed Integer                                                       ;
+----------------+-------+----------------------------------------------------------------------+
Note: In order to hide this table in the UI and the text report file, please set the "Show Parameter Settings in Synthesis Report" option in "Analysis and Synthesis Settings -> More Settings" to "Off".


+---------------------------------------------------------------------------------------------+
; Parameter Settings for User Entity Instance: processador:Processador|registradorGenerico:PC ;
+----------------+-------+--------------------------------------------------------------------+
; Parameter Name ; Value ; Type                                                               ;
+----------------+-------+--------------------------------------------------------------------+
; larguradados   ; 9     ; Signed Integer                                                     ;
+----------------+-------+--------------------------------------------------------------------+
Note: In order to hide this table in the UI and the text report file, please set the "Show Parameter Settings in Synthesis Report" option in "Analysis and Synthesis Settings -> More Settings" to "Off".


+-------------------------------------------------------------------------------------------------+
; Parameter Settings for User Entity Instance: processador:Processador|somaConstante:incrementaPC ;
+----------------+-------+------------------------------------------------------------------------+
; Parameter Name ; Value ; Type                                                                   ;
+----------------+-------+------------------------------------------------------------------------+
; larguradados   ; 9     ; Signed Integer                                                         ;
; constante      ; 1     ; Signed Integer                                                         ;
+----------------+-------+------------------------------------------------------------------------+
Note: In order to hide this table in the UI and the text report file, please set the "Show Parameter Settings in Synthesis Report" option in "Analysis and Synthesis Settings -> More Settings" to "Off".


+---------------------------------------------------------------------------------------------------------+
; Parameter Settings for User Entity Instance: processador:Processador|registradorGenerico:reg_endretorno ;
+----------------+-------+--------------------------------------------------------------------------------+
; Parameter Name ; Value ; Type                                                                           ;
+----------------+-------+--------------------------------------------------------------------------------+
; larguradados   ; 9     ; Signed Integer                                                                 ;
+----------------+-------+--------------------------------------------------------------------------------+
Note: In order to hide this table in the UI and the text report file, please set the "Show Parameter Settings in Synthesis Report" option in "Analysis and Synthesis Settings -> More Settings" to "Off".


+--------------------------------------------------------------------------------------------+
; Parameter Settings for User Entity Instance: processador:Processador|muxGenerico4x1:MUX4x1 ;
+----------------+-------+-------------------------------------------------------------------+
; Parameter Name ; Value ; Type                                                              ;
+----------------+-------+-------------------------------------------------------------------+
; larguradados   ; 9     ; Signed Integer                                                    ;
+----------------+-------+-------------------------------------------------------------------+
Note: In order to hide this table in the UI and the text report file, please set the "Show Parameter Settings in Synthesis Report" option in "Analysis and Synthesis Settings -> More Settings" to "Off".


+--------------------------------------------------------------------------------------+
; Parameter Settings for User Entity Instance: processador:Processador|ULASomaSub:ULA1 ;
+----------------+-------+-------------------------------------------------------------+
; Parameter Name ; Value ; Type                                                        ;
+----------------+-------+-------------------------------------------------------------+
; larguradados   ; 8     ; Signed Integer                                              ;
+----------------+-------+-------------------------------------------------------------+
Note: In order to hide this table in the UI and the text report file, please set the "Show Parameter Settings in Synthesis Report" option in "Analysis and Synthesis Settings -> More Settings" to "Off".


+-----------------------------------------------------------------------------------------+
; Parameter Settings for User Entity Instance: processador:Processador|flipFlop:flagIgual ;
+----------------+-------+----------------------------------------------------------------+
; Parameter Name ; Value ; Type                                                           ;
+----------------+-------+----------------------------------------------------------------+
; larguradados   ; 1     ; Signed Integer                                                 ;
+----------------+-------+----------------------------------------------------------------+
Note: In order to hide this table in the UI and the text report file, please set the "Show Parameter Settings in Synthesis Report" option in "Analysis and Synthesis Settings -> More Settings" to "Off".


+----------------------------------------------------------------+
; Parameter Settings for User Entity Instance: AND_logic:AndLed2 ;
+----------------+-------+---------------------------------------+
; Parameter Name ; Value ; Type                                  ;
+----------------+-------+---------------------------------------+
; larguradados   ; 1     ; Signed Integer                        ;
+----------------+-------+---------------------------------------+
Note: In order to hide this table in the UI and the text report file, please set the "Show Parameter Settings in Synthesis Report" option in "Analysis and Synthesis Settings -> More Settings" to "Off".


+----------------------------------------------------------------+
; Parameter Settings for User Entity Instance: AND_logic:AndLed1 ;
+----------------+-------+---------------------------------------+
; Parameter Name ; Value ; Type                                  ;
+----------------+-------+---------------------------------------+
; larguradados   ; 1     ; Signed Integer                        ;
+----------------+-------+---------------------------------------+
Note: In order to hide this table in the UI and the text report file, please set the "Show Parameter Settings in Synthesis Report" option in "Analysis and Synthesis Settings -> More Settings" to "Off".


+----------------------------------------------------------------+
; Parameter Settings for User Entity Instance: AND_logic:AndLedR ;
+----------------+-------+---------------------------------------+
; Parameter Name ; Value ; Type                                  ;
+----------------+-------+---------------------------------------+
; larguradados   ; 1     ; Signed Integer                        ;
+----------------+-------+---------------------------------------+
Note: In order to hide this table in the UI and the text report file, please set the "Show Parameter Settings in Synthesis Report" option in "Analysis and Synthesis Settings -> More Settings" to "Off".


+----------------------------------------------------------------+
; Parameter Settings for User Entity Instance: AND_logic:AndHEX0 ;
+----------------+-------+---------------------------------------+
; Parameter Name ; Value ; Type                                  ;
+----------------+-------+---------------------------------------+
; larguradados   ; 1     ; Signed Integer                        ;
+----------------+-------+---------------------------------------+
Note: In order to hide this table in the UI and the text report file, please set the "Show Parameter Settings in Synthesis Report" option in "Analysis and Synthesis Settings -> More Settings" to "Off".


+----------------------------------------------------------------+
; Parameter Settings for User Entity Instance: AND_logic:AndHEX1 ;
+----------------+-------+---------------------------------------+
; Parameter Name ; Value ; Type                                  ;
+----------------+-------+---------------------------------------+
; larguradados   ; 1     ; Signed Integer                        ;
+----------------+-------+---------------------------------------+
Note: In order to hide this table in the UI and the text report file, please set the "Show Parameter Settings in Synthesis Report" option in "Analysis and Synthesis Settings -> More Settings" to "Off".


+----------------------------------------------------------------+
; Parameter Settings for User Entity Instance: AND_logic:AndHEX2 ;
+----------------+-------+---------------------------------------+
; Parameter Name ; Value ; Type                                  ;
+----------------+-------+---------------------------------------+
; larguradados   ; 1     ; Signed Integer                        ;
+----------------+-------+---------------------------------------+
Note: In order to hide this table in the UI and the text report file, please set the "Show Parameter Settings in Synthesis Report" option in "Analysis and Synthesis Settings -> More Settings" to "Off".


+----------------------------------------------------------------+
; Parameter Settings for User Entity Instance: AND_logic:AndHEX3 ;
+----------------+-------+---------------------------------------+
; Parameter Name ; Value ; Type                                  ;
+----------------+-------+---------------------------------------+
; larguradados   ; 1     ; Signed Integer                        ;
+----------------+-------+---------------------------------------+
Note: In order to hide this table in the UI and the text report file, please set the "Show Parameter Settings in Synthesis Report" option in "Analysis and Synthesis Settings -> More Settings" to "Off".


+----------------------------------------------------------------+
; Parameter Settings for User Entity Instance: AND_logic:AndHEX4 ;
+----------------+-------+---------------------------------------+
; Parameter Name ; Value ; Type                                  ;
+----------------+-------+---------------------------------------+
; larguradados   ; 1     ; Signed Integer                        ;
+----------------+-------+---------------------------------------+
Note: In order to hide this table in the UI and the text report file, please set the "Show Parameter Settings in Synthesis Report" option in "Analysis and Synthesis Settings -> More Settings" to "Off".


+----------------------------------------------------------------+
; Parameter Settings for User Entity Instance: AND_logic:AndHEX5 ;
+----------------+-------+---------------------------------------+
; Parameter Name ; Value ; Type                                  ;
+----------------+-------+---------------------------------------+
; larguradados   ; 1     ; Signed Integer                        ;
+----------------+-------+---------------------------------------+
Note: In order to hide this table in the UI and the text report file, please set the "Show Parameter Settings in Synthesis Report" option in "Analysis and Synthesis Settings -> More Settings" to "Off".


+-----------------------------------------------------------------+
; Parameter Settings for User Entity Instance: AND_logic:AndSW0_7 ;
+----------------+-------+----------------------------------------+
; Parameter Name ; Value ; Type                                   ;
+----------------+-------+----------------------------------------+
; larguradados   ; 1     ; Signed Integer                         ;
+----------------+-------+----------------------------------------+
Note: In order to hide this table in the UI and the text report file, please set the "Show Parameter Settings in Synthesis Report" option in "Analysis and Synthesis Settings -> More Settings" to "Off".


+---------------------------------------------------------------+
; Parameter Settings for User Entity Instance: AND_logic:AndSW8 ;
+----------------+-------+--------------------------------------+
; Parameter Name ; Value ; Type                                 ;
+----------------+-------+--------------------------------------+
; larguradados   ; 1     ; Signed Integer                       ;
+----------------+-------+--------------------------------------+
Note: In order to hide this table in the UI and the text report file, please set the "Show Parameter Settings in Synthesis Report" option in "Analysis and Synthesis Settings -> More Settings" to "Off".


+---------------------------------------------------------------+
; Parameter Settings for User Entity Instance: AND_logic:AndSW9 ;
+----------------+-------+--------------------------------------+
; Parameter Name ; Value ; Type                                 ;
+----------------+-------+--------------------------------------+
; larguradados   ; 1     ; Signed Integer                       ;
+----------------+-------+--------------------------------------+
Note: In order to hide this table in the UI and the text report file, please set the "Show Parameter Settings in Synthesis Report" option in "Analysis and Synthesis Settings -> More Settings" to "Off".


+----------------------------------------------------------------+
; Parameter Settings for User Entity Instance: AND_logic:AndKEY0 ;
+----------------+-------+---------------------------------------+
; Parameter Name ; Value ; Type                                  ;
+----------------+-------+---------------------------------------+
; larguradados   ; 1     ; Signed Integer                        ;
+----------------+-------+---------------------------------------+
Note: In order to hide this table in the UI and the text report file, please set the "Show Parameter Settings in Synthesis Report" option in "Analysis and Synthesis Settings -> More Settings" to "Off".


+----------------------------------------------------------------+
; Parameter Settings for User Entity Instance: AND_logic:AndKEY1 ;
+----------------+-------+---------------------------------------+
; Parameter Name ; Value ; Type                                  ;
+----------------+-------+---------------------------------------+
; larguradados   ; 1     ; Signed Integer                        ;
+----------------+-------+---------------------------------------+
Note: In order to hide this table in the UI and the text report file, please set the "Show Parameter Settings in Synthesis Report" option in "Analysis and Synthesis Settings -> More Settings" to "Off".


+----------------------------------------------------------------+
; Parameter Settings for User Entity Instance: AND_logic:AndKEY2 ;
+----------------+-------+---------------------------------------+
; Parameter Name ; Value ; Type                                  ;
+----------------+-------+---------------------------------------+
; larguradados   ; 1     ; Signed Integer                        ;
+----------------+-------+---------------------------------------+
Note: In order to hide this table in the UI and the text report file, please set the "Show Parameter Settings in Synthesis Report" option in "Analysis and Synthesis Settings -> More Settings" to "Off".


+----------------------------------------------------------------+
; Parameter Settings for User Entity Instance: AND_logic:AndKEY3 ;
+----------------+-------+---------------------------------------+
; Parameter Name ; Value ; Type                                  ;
+----------------+-------+---------------------------------------+
; larguradados   ; 1     ; Signed Integer                        ;
+----------------+-------+---------------------------------------+
Note: In order to hide this table in the UI and the text report file, please set the "Show Parameter Settings in Synthesis Report" option in "Analysis and Synthesis Settings -> More Settings" to "Off".


+---------------------------------------------------------------------+
; Parameter Settings for User Entity Instance: AND_logic:AndKEY_RESET ;
+----------------+-------+--------------------------------------------+
; Parameter Name ; Value ; Type                                       ;
+----------------+-------+--------------------------------------------+
; larguradados   ; 1     ; Signed Integer                             ;
+----------------+-------+--------------------------------------------+
Note: In order to hide this table in the UI and the text report file, please set the "Show Parameter Settings in Synthesis Report" option in "Analysis and Synthesis Settings -> More Settings" to "Off".


+--------------------------------------------------------------------+
; Parameter Settings for User Entity Instance: flipFlop:flipFlopLed2 ;
+----------------+-------+-------------------------------------------+
; Parameter Name ; Value ; Type                                      ;
+----------------+-------+-------------------------------------------+
; larguradados   ; 1     ; Signed Integer                            ;
+----------------+-------+-------------------------------------------+
Note: In order to hide this table in the UI and the text report file, please set the "Show Parameter Settings in Synthesis Report" option in "Analysis and Synthesis Settings -> More Settings" to "Off".


+--------------------------------------------------------------------+
; Parameter Settings for User Entity Instance: flipFlop:flipFlopLed1 ;
+----------------+-------+-------------------------------------------+
; Parameter Name ; Value ; Type                                      ;
+----------------+-------+-------------------------------------------+
; larguradados   ; 1     ; Signed Integer                            ;
+----------------+-------+-------------------------------------------+
Note: In order to hide this table in the UI and the text report file, please set the "Show Parameter Settings in Synthesis Report" option in "Analysis and Synthesis Settings -> More Settings" to "Off".


+----------------------------------------------------------------------------------+
; Parameter Settings for User Entity Instance: registradorGenerico:RegistradorLedR ;
+----------------+-------+---------------------------------------------------------+
; Parameter Name ; Value ; Type                                                    ;
+----------------+-------+---------------------------------------------------------+
; larguradados   ; 8     ; Signed Integer                                          ;
+----------------+-------+---------------------------------------------------------+
Note: In order to hide this table in the UI and the text report file, please set the "Show Parameter Settings in Synthesis Report" option in "Analysis and Synthesis Settings -> More Settings" to "Off".


+----------------------------------------------------------------------------------+
; Parameter Settings for User Entity Instance: registradorGenerico:RegistradorHEX0 ;
+----------------+-------+---------------------------------------------------------+
; Parameter Name ; Value ; Type                                                    ;
+----------------+-------+---------------------------------------------------------+
; larguradados   ; 4     ; Signed Integer                                          ;
+----------------+-------+---------------------------------------------------------+
Note: In order to hide this table in the UI and the text report file, please set the "Show Parameter Settings in Synthesis Report" option in "Analysis and Synthesis Settings -> More Settings" to "Off".


+----------------------------------------------------------------------------------+
; Parameter Settings for User Entity Instance: registradorGenerico:RegistradorHEX1 ;
+----------------+-------+---------------------------------------------------------+
; Parameter Name ; Value ; Type                                                    ;
+----------------+-------+---------------------------------------------------------+
; larguradados   ; 4     ; Signed Integer                                          ;
+----------------+-------+---------------------------------------------------------+
Note: In order to hide this table in the UI and the text report file, please set the "Show Parameter Settings in Synthesis Report" option in "Analysis and Synthesis Settings -> More Settings" to "Off".


+----------------------------------------------------------------------------------+
; Parameter Settings for User Entity Instance: registradorGenerico:RegistradorHEX2 ;
+----------------+-------+---------------------------------------------------------+
; Parameter Name ; Value ; Type                                                    ;
+----------------+-------+---------------------------------------------------------+
; larguradados   ; 4     ; Signed Integer                                          ;
+----------------+-------+---------------------------------------------------------+
Note: In order to hide this table in the UI and the text report file, please set the "Show Parameter Settings in Synthesis Report" option in "Analysis and Synthesis Settings -> More Settings" to "Off".


+----------------------------------------------------------------------------------+
; Parameter Settings for User Entity Instance: registradorGenerico:RegistradorHEX3 ;
+----------------+-------+---------------------------------------------------------+
; Parameter Name ; Value ; Type                                                    ;
+----------------+-------+---------------------------------------------------------+
; larguradados   ; 4     ; Signed Integer                                          ;
+----------------+-------+---------------------------------------------------------+
Note: In order to hide this table in the UI and the text report file, please set the "Show Parameter Settings in Synthesis Report" option in "Analysis and Synthesis Settings -> More Settings" to "Off".


+----------------------------------------------------------------------------------+
; Parameter Settings for User Entity Instance: registradorGenerico:RegistradorHEX4 ;
+----------------+-------+---------------------------------------------------------+
; Parameter Name ; Value ; Type                                                    ;
+----------------+-------+---------------------------------------------------------+
; larguradados   ; 4     ; Signed Integer                                          ;
+----------------+-------+---------------------------------------------------------+
Note: In order to hide this table in the UI and the text report file, please set the "Show Parameter Settings in Synthesis Report" option in "Analysis and Synthesis Settings -> More Settings" to "Off".


+----------------------------------------------------------------------------------+
; Parameter Settings for User Entity Instance: registradorGenerico:RegistradorHEX5 ;
+----------------+-------+---------------------------------------------------------+
; Parameter Name ; Value ; Type                                                    ;
+----------------+-------+---------------------------------------------------------+
; larguradados   ; 4     ; Signed Integer                                          ;
+----------------+-------+---------------------------------------------------------+
Note: In order to hide this table in the UI and the text report file, please set the "Show Parameter Settings in Synthesis Report" option in "Analysis and Synthesis Settings -> More Settings" to "Off".


+-------------------------------------------------------------------------+
; Parameter Settings for User Entity Instance: flipFlop:FFDebouceMem_key0 ;
+----------------+-------+------------------------------------------------+
; Parameter Name ; Value ; Type                                           ;
+----------------+-------+------------------------------------------------+
; larguradados   ; 1     ; Signed Integer                                 ;
+----------------+-------+------------------------------------------------+
Note: In order to hide this table in the UI and the text report file, please set the "Show Parameter Settings in Synthesis Report" option in "Analysis and Synthesis Settings -> More Settings" to "Off".


+-------------------------------------------------------------------------+
; Parameter Settings for User Entity Instance: flipFlop:FFDebouceMem_key1 ;
+----------------+-------+------------------------------------------------+
; Parameter Name ; Value ; Type                                           ;
+----------------+-------+------------------------------------------------+
; larguradados   ; 1     ; Signed Integer                                 ;
+----------------+-------+------------------------------------------------+
Note: In order to hide this table in the UI and the text report file, please set the "Show Parameter Settings in Synthesis Report" option in "Analysis and Synthesis Settings -> More Settings" to "Off".


+---------------------------------------------------------------------------------------------------------------------------+
; Analysis & Elaboration Settings                                                                                           ;
+---------------------------------------------------------------------------------+--------------------+--------------------+
; Option                                                                          ; Setting            ; Default Value      ;
+---------------------------------------------------------------------------------+--------------------+--------------------+
; Device                                                                          ; 5CEBA4F23C7        ;                    ;
; Top-level entity name                                                           ; relogio            ; relogio            ;
; Family name                                                                     ; Cyclone V          ; Cyclone V          ;
; Maximum processors allowed for parallel compilation                             ; All                ;                    ;
; VHDL Show LMF Mapping Messages                                                  ; Off                ;                    ;
; VHDL Version                                                                    ; VHDL_2008          ; VHDL_1993          ;
; Use smart compilation                                                           ; Off                ; Off                ;
; Enable parallel Assembler and Timing Analyzer during compilation                ; On                 ; On                 ;
; Enable compact report table                                                     ; Off                ; Off                ;
; Restructure Multiplexers                                                        ; Auto               ; Auto               ;
; MLAB Add Timing Constraints For Mixed-Port Feed-Through Mode Setting Don't Care ; Off                ; Off                ;
; Create Debugging Nodes for IP Cores                                             ; Off                ; Off                ;
; Preserve fewer node names                                                       ; On                 ; On                 ;
; Intel FPGA IP Evaluation Mode                                                   ; Enable             ; Enable             ;
; Verilog Version                                                                 ; Verilog_2001       ; Verilog_2001       ;
; State Machine Processing                                                        ; Auto               ; Auto               ;
; Safe State Machine                                                              ; Off                ; Off                ;
; Extract Verilog State Machines                                                  ; On                 ; On                 ;
; Extract VHDL State Machines                                                     ; On                 ; On                 ;
; Ignore Verilog initial constructs                                               ; Off                ; Off                ;
; Iteration limit for constant Verilog loops                                      ; 5000               ; 5000               ;
; Iteration limit for non-constant Verilog loops                                  ; 250                ; 250                ;
; Add Pass-Through Logic to Inferred RAMs                                         ; On                 ; On                 ;
; Infer RAMs from Raw Logic                                                       ; On                 ; On                 ;
; Parallel Synthesis                                                              ; On                 ; On                 ;
; DSP Block Balancing                                                             ; Auto               ; Auto               ;
; NOT Gate Push-Back                                                              ; On                 ; On                 ;
; Power-Up Don't Care                                                             ; On                 ; On                 ;
; Remove Redundant Logic Cells                                                    ; Off                ; Off                ;
; Remove Duplicate Registers                                                      ; On                 ; On                 ;
; Ignore CARRY Buffers                                                            ; Off                ; Off                ;
; Ignore CASCADE Buffers                                                          ; Off                ; Off                ;
; Ignore GLOBAL Buffers                                                           ; Off                ; Off                ;
; Ignore ROW GLOBAL Buffers                                                       ; Off                ; Off                ;
; Ignore LCELL Buffers                                                            ; Off                ; Off                ;
; Ignore SOFT Buffers                                                             ; On                 ; On                 ;
; Limit AHDL Integers to 32 Bits                                                  ; Off                ; Off                ;
; Optimization Technique                                                          ; Balanced           ; Balanced           ;
; Carry Chain Length                                                              ; 70                 ; 70                 ;
; Auto Carry Chains                                                               ; On                 ; On                 ;
; Auto Open-Drain Pins                                                            ; On                 ; On                 ;
; Perform WYSIWYG Primitive Resynthesis                                           ; Off                ; Off                ;
; Auto ROM Replacement                                                            ; On                 ; On                 ;
; Auto RAM Replacement                                                            ; On                 ; On                 ;
; Auto DSP Block Replacement                                                      ; On                 ; On                 ;
; Auto Shift Register Replacement                                                 ; Auto               ; Auto               ;
; Allow Shift Register Merging across Hierarchies                                 ; Auto               ; Auto               ;
; Auto Clock Enable Replacement                                                   ; On                 ; On                 ;
; Strict RAM Replacement                                                          ; Off                ; Off                ;
; Allow Synchronous Control Signals                                               ; On                 ; On                 ;
; Force Use of Synchronous Clear Signals                                          ; Off                ; Off                ;
; Auto Resource Sharing                                                           ; Off                ; Off                ;
; Allow Any RAM Size For Recognition                                              ; Off                ; Off                ;
; Allow Any ROM Size For Recognition                                              ; Off                ; Off                ;
; Allow Any Shift Register Size For Recognition                                   ; Off                ; Off                ;
; Use LogicLock Constraints during Resource Balancing                             ; On                 ; On                 ;
; Ignore translate_off and synthesis_off directives                               ; Off                ; Off                ;
; Timing-Driven Synthesis                                                         ; On                 ; On                 ;
; Report Parameter Settings                                                       ; On                 ; On                 ;
; Report Source Assignments                                                       ; On                 ; On                 ;
; Report Connectivity Checks                                                      ; On                 ; On                 ;
; Ignore Maximum Fan-Out Assignments                                              ; Off                ; Off                ;
; Synchronization Register Chain Length                                           ; 3                  ; 3                  ;
; Power Optimization During Synthesis                                             ; Normal compilation ; Normal compilation ;
; HDL message level                                                               ; Level2             ; Level2             ;
; Suppress Register Optimization Related Messages                                 ; Off                ; Off                ;
; Number of Removed Registers Reported in Synthesis Report                        ; 5000               ; 5000               ;
; Number of Swept Nodes Reported in Synthesis Report                              ; 5000               ; 5000               ;
; Number of Inverted Registers Reported in Synthesis Report                       ; 100                ; 100                ;
; Clock MUX Protection                                                            ; On                 ; On                 ;
; Auto Gated Clock Conversion                                                     ; Off                ; Off                ;
; Block Design Naming                                                             ; Auto               ; Auto               ;
; SDC constraint protection                                                       ; Off                ; Off                ;
; Synthesis Effort                                                                ; Auto               ; Auto               ;
; Shift Register Replacement - Allow Asynchronous Clear Signal                    ; On                 ; On                 ;
; Pre-Mapping Resynthesis Optimization                                            ; Off                ; Off                ;
; Analysis & Synthesis Message Level                                              ; Medium             ; Medium             ;
; Disable Register Merging Across Hierarchies                                     ; Auto               ; Auto               ;
; Resource Aware Inference For Block RAM                                          ; On                 ; On                 ;
; Automatic Parallel Synthesis                                                    ; On                 ; On                 ;
; Partial Reconfiguration Bitstream ID                                            ; Off                ; Off                ;
+---------------------------------------------------------------------------------+--------------------+--------------------+


+--------------------------------------------------------+
; Port Connectivity Checks: "flipFlop:FFDebouceMem_key1" ;
+--------+-------+----------+----------------------------+
; Port   ; Type  ; Severity ; Details                    ;
+--------+-------+----------+----------------------------+
; din    ; Input ; Info     ; Stuck at VCC               ;
; enable ; Input ; Info     ; Stuck at VCC               ;
+--------+-------+----------+----------------------------+


+--------------------------------------------------------+
; Port Connectivity Checks: "flipFlop:FFDebouceMem_key0" ;
+--------+-------+----------+----------------------------+
; Port   ; Type  ; Severity ; Details                    ;
+--------+-------+----------+----------------------------+
; din    ; Input ; Info     ; Stuck at VCC               ;
; enable ; Input ; Info     ; Stuck at VCC               ;
+--------+-------+----------+----------------------------+


+----------------------------------------------------------+
; Port Connectivity Checks: "conversorHex7Seg:decoderHEX5" ;
+----------+-------+----------+----------------------------+
; Port     ; Type  ; Severity ; Details                    ;
+----------+-------+----------+----------------------------+
; apaga    ; Input ; Info     ; Stuck at GND               ;
; negativo ; Input ; Info     ; Stuck at GND               ;
; overflow ; Input ; Info     ; Stuck at GND               ;
+----------+-------+----------+----------------------------+


+----------------------------------------------------------+
; Port Connectivity Checks: "conversorHex7Seg:decoderHEX4" ;
+----------+-------+----------+----------------------------+
; Port     ; Type  ; Severity ; Details                    ;
+----------+-------+----------+----------------------------+
; apaga    ; Input ; Info     ; Stuck at GND               ;
; negativo ; Input ; Info     ; Stuck at GND               ;
; overflow ; Input ; Info     ; Stuck at GND               ;
+----------+-------+----------+----------------------------+


+----------------------------------------------------------+
; Port Connectivity Checks: "conversorHex7Seg:decoderHEX3" ;
+----------+-------+----------+----------------------------+
; Port     ; Type  ; Severity ; Details                    ;
+----------+-------+----------+----------------------------+
; apaga    ; Input ; Info     ; Stuck at GND               ;
; negativo ; Input ; Info     ; Stuck at GND               ;
; overflow ; Input ; Info     ; Stuck at GND               ;
+----------+-------+----------+----------------------------+


+----------------------------------------------------------+
; Port Connectivity Checks: "conversorHex7Seg:decoderHEX2" ;
+----------+-------+----------+----------------------------+
; Port     ; Type  ; Severity ; Details                    ;
+----------+-------+----------+----------------------------+
; apaga    ; Input ; Info     ; Stuck at GND               ;
; negativo ; Input ; Info     ; Stuck at GND               ;
; overflow ; Input ; Info     ; Stuck at GND               ;
+----------+-------+----------+----------------------------+


+----------------------------------------------------------+
; Port Connectivity Checks: "conversorHex7Seg:decoderHEX1" ;
+----------+-------+----------+----------------------------+
; Port     ; Type  ; Severity ; Details                    ;
+----------+-------+----------+----------------------------+
; apaga    ; Input ; Info     ; Stuck at GND               ;
; negativo ; Input ; Info     ; Stuck at GND               ;
; overflow ; Input ; Info     ; Stuck at GND               ;
+----------+-------+----------+----------------------------+


+----------------------------------------------------------+
; Port Connectivity Checks: "conversorHex7Seg:decoderHEX0" ;
+----------+-------+----------+----------------------------+
; Port     ; Type  ; Severity ; Details                    ;
+----------+-------+----------+----------------------------+
; apaga    ; Input ; Info     ; Stuck at GND               ;
; negativo ; Input ; Info     ; Stuck at GND               ;
; overflow ; Input ; Info     ; Stuck at GND               ;
+----------+-------+----------+----------------------------+


+-----------------------------------------------------------------------------------------------------------------------+
; Port Connectivity Checks: "DecoderAddress:DecoderSelEnd"                                                              ;
+-------------+--------+----------+-------------------------------------------------------------------------------------+
; Port        ; Type   ; Severity ; Details                                                                             ;
+-------------+--------+----------+-------------------------------------------------------------------------------------+
; saida[7..6] ; Output ; Info     ; Connected to dangling logic. Logic that only feeds a dangling port will be removed. ;
+-------------+--------+----------+-------------------------------------------------------------------------------------+


+-----------------------------------------------------------------------------------------------------------------------+
; Port Connectivity Checks: "DecoderAddress:DecoderHabBloc"                                                             ;
+-------------+--------+----------+-------------------------------------------------------------------------------------+
; Port        ; Type   ; Severity ; Details                                                                             ;
+-------------+--------+----------+-------------------------------------------------------------------------------------+
; saida[3..1] ; Output ; Info     ; Connected to dangling logic. Logic that only feeds a dangling port will be removed. ;
; saida[6]    ; Output ; Info     ; Connected to dangling logic. Logic that only feeds a dangling port will be removed. ;
+-------------+--------+----------+-------------------------------------------------------------------------------------+


+------------------------------------------------------------------------------------------------------------------------+
; Port Connectivity Checks: "processador:Processador|DecoderInstruction:decoder"                                         ;
+--------------+--------+----------+-------------------------------------------------------------------------------------+
; Port         ; Type   ; Severity ; Details                                                                             ;
+--------------+--------+----------+-------------------------------------------------------------------------------------+
; saida[10..7] ; Output ; Info     ; Connected to dangling logic. Logic that only feeds a dangling port will be removed. ;
+--------------+--------+----------+-------------------------------------------------------------------------------------+


+---------------------------------------------------------------------------+
; Port Connectivity Checks: "processador:Processador|muxGenerico4x1:MUX4x1" ;
+--------------+-------+----------+-----------------------------------------+
; Port         ; Type  ; Severity ; Details                                 ;
+--------------+-------+----------+-----------------------------------------+
; entradad_mux ; Input ; Info     ; Stuck at GND                            ;
+--------------+-------+----------+-----------------------------------------+


+----------------------------------------------------------------------------+
; Port Connectivity Checks: "processador:Processador|registradorGenerico:PC" ;
+--------+-------+----------+------------------------------------------------+
; Port   ; Type  ; Severity ; Details                                        ;
+--------+-------+----------+------------------------------------------------+
; enable ; Input ; Info     ; Stuck at VCC                                   ;
+--------+-------+----------+------------------------------------------------+


+---------------------------------+
; Analysis & Elaboration Messages ;
+---------------------------------+
Info: *******************************************************************
Info: Running Quartus Prime Analysis & Elaboration
    Info: Version 20.1.0 Build 711 06/05/2020 SJ Lite Edition
    Info: Processing started: Sun Apr 17 21:35:53 2022
Info: Command: quartus_map --read_settings_files=on --write_settings_files=off relogio -c relogio --analysis_and_elaboration
Info (20030): Parallel compilation is enabled and will use 4 of the 4 processors detected
Info (12021): Found 2 design units, including 1 entities, in source file buffer3state_8portas.vhd
    Info (12022): Found design unit 1: buffer3State_8portas-comportamento File: C:/Users/Windows10/Desktop/Insper6S/DesComp/ProjetoRelogio/aula7-processador/projeto_relogio_descomp/buffer3State_8portas.vhd Line: 12
    Info (12023): Found entity 1: buffer3State_8portas File: C:/Users/Windows10/Desktop/Insper6S/DesComp/ProjetoRelogio/aula7-processador/projeto_relogio_descomp/buffer3State_8portas.vhd Line: 4
Info (12021): Found 2 design units, including 1 entities, in source file buffer3state_1porta.vhd
    Info (12022): Found design unit 1: buffer3State_1porta-comportamento File: C:/Users/Windows10/Desktop/Insper6S/DesComp/ProjetoRelogio/aula7-processador/projeto_relogio_descomp/buffer3State_1porta.vhd Line: 12
    Info (12023): Found entity 1: buffer3State_1porta File: C:/Users/Windows10/Desktop/Insper6S/DesComp/ProjetoRelogio/aula7-processador/projeto_relogio_descomp/buffer3State_1porta.vhd Line: 4
Info (12021): Found 2 design units, including 1 entities, in source file ulasomasub.vhd
    Info (12022): Found design unit 1: ULASomaSub-comportamento File: C:/Users/Windows10/Desktop/Insper6S/DesComp/ProjetoRelogio/aula7-processador/projeto_relogio_descomp/ULASomaSub.vhd Line: 16
    Info (12023): Found entity 1: ULASomaSub File: C:/Users/Windows10/Desktop/Insper6S/DesComp/ProjetoRelogio/aula7-processador/projeto_relogio_descomp/ULASomaSub.vhd Line: 6
Info (12021): Found 2 design units, including 1 entities, in source file somaconstante.vhd
    Info (12022): Found design unit 1: somaConstante-comportamento File: C:/Users/Windows10/Desktop/Insper6S/DesComp/ProjetoRelogio/aula7-processador/projeto_relogio_descomp/somaConstante.vhd Line: 18
    Info (12023): Found entity 1: somaConstante File: C:/Users/Windows10/Desktop/Insper6S/DesComp/ProjetoRelogio/aula7-processador/projeto_relogio_descomp/somaConstante.vhd Line: 5
Info (12021): Found 2 design units, including 1 entities, in source file registradorgenerico.vhd
    Info (12022): Found design unit 1: registradorGenerico-comportamento File: C:/Users/Windows10/Desktop/Insper6S/DesComp/ProjetoRelogio/aula7-processador/projeto_relogio_descomp/registradorGenerico.vhd Line: 15
    Info (12023): Found entity 1: registradorGenerico File: C:/Users/Windows10/Desktop/Insper6S/DesComp/ProjetoRelogio/aula7-processador/projeto_relogio_descomp/registradorGenerico.vhd Line: 4
Info (12021): Found 2 design units, including 1 entities, in source file processador.vhd
    Info (12022): Found design unit 1: processador-arquitetura File: C:/Users/Windows10/Desktop/Insper6S/DesComp/ProjetoRelogio/aula7-processador/projeto_relogio_descomp/processador.vhd Line: 22
    Info (12023): Found entity 1: processador File: C:/Users/Windows10/Desktop/Insper6S/DesComp/ProjetoRelogio/aula7-processador/projeto_relogio_descomp/processador.vhd Line: 4
Info (12021): Found 2 design units, including 1 entities, in source file muxgenerico4x1.vhd
    Info (12022): Found design unit 1: muxGenerico4x1-comportamento File: C:/Users/Windows10/Desktop/Insper6S/DesComp/ProjetoRelogio/aula7-processador/projeto_relogio_descomp/muxGenerico4x1.vhd Line: 14
    Info (12023): Found entity 1: muxGenerico4x1 File: C:/Users/Windows10/Desktop/Insper6S/DesComp/ProjetoRelogio/aula7-processador/projeto_relogio_descomp/muxGenerico4x1.vhd Line: 4
Info (12021): Found 2 design units, including 1 entities, in source file muxgenerico2x1.vhd
    Info (12022): Found design unit 1: muxGenerico2x1-comportamento File: C:/Users/Windows10/Desktop/Insper6S/DesComp/ProjetoRelogio/aula7-processador/projeto_relogio_descomp/muxGenerico2x1.vhd Line: 14
    Info (12023): Found entity 1: muxGenerico2x1 File: C:/Users/Windows10/Desktop/Insper6S/DesComp/ProjetoRelogio/aula7-processador/projeto_relogio_descomp/muxGenerico2x1.vhd Line: 4
Info (12021): Found 2 design units, including 1 entities, in source file memoriarom.vhd
    Info (12022): Found design unit 1: memoriaROM-assincrona File: C:/Users/Windows10/Desktop/Insper6S/DesComp/ProjetoRelogio/aula7-processador/projeto_relogio_descomp/memoriaROM.vhd Line: 16
    Info (12023): Found entity 1: memoriaROM File: C:/Users/Windows10/Desktop/Insper6S/DesComp/ProjetoRelogio/aula7-processador/projeto_relogio_descomp/memoriaROM.vhd Line: 5
Info (12021): Found 2 design units, including 1 entities, in source file memoriaram.vhd
    Info (12022): Found design unit 1: memoriaRAM-rtl File: C:/Users/Windows10/Desktop/Insper6S/DesComp/ProjetoRelogio/aula7-processador/projeto_relogio_descomp/memoriaRAM.vhd Line: 22
    Info (12023): Found entity 1: memoriaRAM File: C:/Users/Windows10/Desktop/Insper6S/DesComp/ProjetoRelogio/aula7-processador/projeto_relogio_descomp/memoriaRAM.vhd Line: 6
Info (12021): Found 2 design units, including 1 entities, in source file flipflop.vhd
    Info (12022): Found design unit 1: flipFlop-comportamento File: C:/Users/Windows10/Desktop/Insper6S/DesComp/ProjetoRelogio/aula7-processador/projeto_relogio_descomp/flipFlop.vhd Line: 15
    Info (12023): Found entity 1: flipFlop File: C:/Users/Windows10/Desktop/Insper6S/DesComp/ProjetoRelogio/aula7-processador/projeto_relogio_descomp/flipFlop.vhd Line: 4
Info (12021): Found 3 design units, including 1 entities, in source file edgedetector.vhd
    Info (12022): Found design unit 1: edgeDetector-bordaSubida File: C:/Users/Windows10/Desktop/Insper6S/DesComp/ProjetoRelogio/aula7-processador/projeto_relogio_descomp/edgeDetector.vhd Line: 10
    Info (12022): Found design unit 2: edgeDetector-bordaDescida File: C:/Users/Windows10/Desktop/Insper6S/DesComp/ProjetoRelogio/aula7-processador/projeto_relogio_descomp/edgeDetector.vhd Line: 23
    Info (12023): Found entity 1: edgeDetector File: C:/Users/Windows10/Desktop/Insper6S/DesComp/ProjetoRelogio/aula7-processador/projeto_relogio_descomp/edgeDetector.vhd Line: 4
Info (12021): Found 2 design units, including 1 entities, in source file decoderinstrucution.vhd
    Info (12022): Found design unit 1: DecoderInstruction-comportamento File: C:/Users/Windows10/Desktop/Insper6S/DesComp/ProjetoRelogio/aula7-processador/projeto_relogio_descomp/DecoderInstrucution.vhd Line: 12
    Info (12023): Found entity 1: DecoderInstruction File: C:/Users/Windows10/Desktop/Insper6S/DesComp/ProjetoRelogio/aula7-processador/projeto_relogio_descomp/DecoderInstrucution.vhd Line: 4
Info (12021): Found 2 design units, including 1 entities, in source file decoderaddress.vhd
    Info (12022): Found design unit 1: DecoderAddress-comportamento File: C:/Users/Windows10/Desktop/Insper6S/DesComp/ProjetoRelogio/aula7-processador/projeto_relogio_descomp/DecoderAddress.vhd Line: 11
    Info (12023): Found entity 1: DecoderAddress File: C:/Users/Windows10/Desktop/Insper6S/DesComp/ProjetoRelogio/aula7-processador/projeto_relogio_descomp/DecoderAddress.vhd Line: 5
Info (12021): Found 2 design units, including 1 entities, in source file conversorhex7seg.vhd
    Info (12022): Found design unit 1: conversorHex7Seg-comportamento File: C:/Users/Windows10/Desktop/Insper6S/DesComp/ProjetoRelogio/aula7-processador/projeto_relogio_descomp/conversorHex7Seg.vhd Line: 17
    Info (12023): Found entity 1: conversorHex7Seg File: C:/Users/Windows10/Desktop/Insper6S/DesComp/ProjetoRelogio/aula7-processador/projeto_relogio_descomp/conversorHex7Seg.vhd Line: 4
Info (12021): Found 2 design units, including 1 entities, in source file and_logic.vhd
    Info (12022): Found design unit 1: AND_logic-comportamento File: C:/Users/Windows10/Desktop/Insper6S/DesComp/ProjetoRelogio/aula7-processador/projeto_relogio_descomp/AND_logic.vhd Line: 17
    Info (12023): Found entity 1: AND_logic File: C:/Users/Windows10/Desktop/Insper6S/DesComp/ProjetoRelogio/aula7-processador/projeto_relogio_descomp/AND_logic.vhd Line: 5
Info (12021): Found 2 design units, including 1 entities, in source file relogio.vhd
    Info (12022): Found design unit 1: relogio-arquitetura File: C:/Users/Windows10/Desktop/Insper6S/DesComp/ProjetoRelogio/aula7-processador/projeto_relogio_descomp/relogio.vhd Line: 46
    Info (12023): Found entity 1: relogio File: C:/Users/Windows10/Desktop/Insper6S/DesComp/ProjetoRelogio/aula7-processador/projeto_relogio_descomp/relogio.vhd Line: 4
Info (12127): Elaborating entity "relogio" for the top level hierarchy
Warning (10541): VHDL Signal Declaration warning at relogio.vhd(49): used implicit default value for signal "RST" because signal was never assigned a value or an explicit default value. Use of implicit default value may introduce unintended design optimizations. File: C:/Users/Windows10/Desktop/Insper6S/DesComp/ProjetoRelogio/aula7-processador/projeto_relogio_descomp/relogio.vhd Line: 49
Warning (10036): Verilog HDL or VHDL warning at relogio.vhd(121): object "bloco1" assigned a value but never read File: C:/Users/Windows10/Desktop/Insper6S/DesComp/ProjetoRelogio/aula7-processador/projeto_relogio_descomp/relogio.vhd Line: 121
Warning (10036): Verilog HDL or VHDL warning at relogio.vhd(122): object "bloco2" assigned a value but never read File: C:/Users/Windows10/Desktop/Insper6S/DesComp/ProjetoRelogio/aula7-processador/projeto_relogio_descomp/relogio.vhd Line: 122
Warning (10036): Verilog HDL or VHDL warning at relogio.vhd(123): object "bloco3" assigned a value but never read File: C:/Users/Windows10/Desktop/Insper6S/DesComp/ProjetoRelogio/aula7-processador/projeto_relogio_descomp/relogio.vhd Line: 123
Warning (10036): Verilog HDL or VHDL warning at relogio.vhd(126): object "bloco6" assigned a value but never read File: C:/Users/Windows10/Desktop/Insper6S/DesComp/ProjetoRelogio/aula7-processador/projeto_relogio_descomp/relogio.vhd Line: 126
Warning (10036): Verilog HDL or VHDL warning at relogio.vhd(137): object "endereco6" assigned a value but never read File: C:/Users/Windows10/Desktop/Insper6S/DesComp/ProjetoRelogio/aula7-processador/projeto_relogio_descomp/relogio.vhd Line: 137
Warning (10036): Verilog HDL or VHDL warning at relogio.vhd(138): object "endereco7" assigned a value but never read File: C:/Users/Windows10/Desktop/Insper6S/DesComp/ProjetoRelogio/aula7-processador/projeto_relogio_descomp/relogio.vhd Line: 138
Info (12128): Elaborating entity "memoriaROM" for hierarchy "memoriaROM:ROM_instrucao" File: C:/Users/Windows10/Desktop/Insper6S/DesComp/ProjetoRelogio/aula7-processador/projeto_relogio_descomp/relogio.vhd Line: 155
Info (12128): Elaborating entity "memoriaRAM" for hierarchy "memoriaRAM:MemoriaRAM" File: C:/Users/Windows10/Desktop/Insper6S/DesComp/ProjetoRelogio/aula7-processador/projeto_relogio_descomp/relogio.vhd Line: 161
Info (12128): Elaborating entity "processador" for hierarchy "processador:Processador" File: C:/Users/Windows10/Desktop/Insper6S/DesComp/ProjetoRelogio/aula7-processador/projeto_relogio_descomp/relogio.vhd Line: 172
Warning (10036): Verilog HDL or VHDL warning at processador.vhd(36): object "JMP" assigned a value but never read File: C:/Users/Windows10/Desktop/Insper6S/DesComp/ProjetoRelogio/aula7-processador/projeto_relogio_descomp/processador.vhd Line: 36
Warning (10036): Verilog HDL or VHDL warning at processador.vhd(37): object "RET" assigned a value but never read File: C:/Users/Windows10/Desktop/Insper6S/DesComp/ProjetoRelogio/aula7-processador/projeto_relogio_descomp/processador.vhd Line: 37
Warning (10036): Verilog HDL or VHDL warning at processador.vhd(38): object "JSR" assigned a value but never read File: C:/Users/Windows10/Desktop/Insper6S/DesComp/ProjetoRelogio/aula7-processador/projeto_relogio_descomp/processador.vhd Line: 38
Warning (10036): Verilog HDL or VHDL warning at processador.vhd(39): object "JEQ" assigned a value but never read File: C:/Users/Windows10/Desktop/Insper6S/DesComp/ProjetoRelogio/aula7-processador/projeto_relogio_descomp/processador.vhd Line: 39
Info (12128): Elaborating entity "muxGenerico2x1" for hierarchy "processador:Processador|muxGenerico2x1:MUX1" File: C:/Users/Windows10/Desktop/Insper6S/DesComp/ProjetoRelogio/aula7-processador/projeto_relogio_descomp/processador.vhd Line: 51
Info (12128): Elaborating entity "registradorGenerico" for hierarchy "processador:Processador|registradorGenerico:REGA" File: C:/Users/Windows10/Desktop/Insper6S/DesComp/ProjetoRelogio/aula7-processador/projeto_relogio_descomp/processador.vhd Line: 58
Info (12128): Elaborating entity "registradorGenerico" for hierarchy "processador:Processador|registradorGenerico:PC" File: C:/Users/Windows10/Desktop/Insper6S/DesComp/ProjetoRelogio/aula7-processador/projeto_relogio_descomp/processador.vhd Line: 62
Info (12128): Elaborating entity "somaConstante" for hierarchy "processador:Processador|somaConstante:incrementaPC" File: C:/Users/Windows10/Desktop/Insper6S/DesComp/ProjetoRelogio/aula7-processador/projeto_relogio_descomp/processador.vhd Line: 66
Info (12128): Elaborating entity "muxGenerico4x1" for hierarchy "processador:Processador|muxGenerico4x1:MUX4x1" File: C:/Users/Windows10/Desktop/Insper6S/DesComp/ProjetoRelogio/aula7-processador/projeto_relogio_descomp/processador.vhd Line: 74
Info (12128): Elaborating entity "ULASomaSub" for hierarchy "processador:Processador|ULASomaSub:ULA1" File: C:/Users/Windows10/Desktop/Insper6S/DesComp/ProjetoRelogio/aula7-processador/projeto_relogio_descomp/processador.vhd Line: 83
Info (12128): Elaborating entity "flipFlop" for hierarchy "processador:Processador|flipFlop:flagIgual" File: C:/Users/Windows10/Desktop/Insper6S/DesComp/ProjetoRelogio/aula7-processador/projeto_relogio_descomp/processador.vhd Line: 87
Info (12128): Elaborating entity "DecoderInstruction" for hierarchy "processador:Processador|DecoderInstruction:decoder" File: C:/Users/Windows10/Desktop/Insper6S/DesComp/ProjetoRelogio/aula7-processador/projeto_relogio_descomp/processador.vhd Line: 91
Info (12128): Elaborating entity "DecoderAddress" for hierarchy "DecoderAddress:DecoderHabBloc" File: C:/Users/Windows10/Desktop/Insper6S/DesComp/ProjetoRelogio/aula7-processador/projeto_relogio_descomp/relogio.vhd Line: 184
Info (12128): Elaborating entity "AND_logic" for hierarchy "AND_logic:AndLed2" File: C:/Users/Windows10/Desktop/Insper6S/DesComp/ProjetoRelogio/aula7-processador/projeto_relogio_descomp/relogio.vhd Line: 195
Info (12128): Elaborating entity "registradorGenerico" for hierarchy "registradorGenerico:RegistradorHEX0" File: C:/Users/Windows10/Desktop/Insper6S/DesComp/ProjetoRelogio/aula7-processador/projeto_relogio_descomp/relogio.vhd Line: 338
Info (12128): Elaborating entity "conversorHex7Seg" for hierarchy "conversorHex7Seg:decoderHEX0" File: C:/Users/Windows10/Desktop/Insper6S/DesComp/ProjetoRelogio/aula7-processador/projeto_relogio_descomp/relogio.vhd Line: 382
Info (12128): Elaborating entity "buffer3State_8portas" for hierarchy "buffer3State_8portas:buffer3State_SW0_7" File: C:/Users/Windows10/Desktop/Insper6S/DesComp/ProjetoRelogio/aula7-processador/projeto_relogio_descomp/relogio.vhd Line: 426
Info (12128): Elaborating entity "buffer3State_1porta" for hierarchy "buffer3State_1porta:buffer3State_SW8" File: C:/Users/Windows10/Desktop/Insper6S/DesComp/ProjetoRelogio/aula7-processador/projeto_relogio_descomp/relogio.vhd Line: 431
Info (12129): Elaborating entity "edgeDetector" using architecture "A:bordasubida" for hierarchy "edgeDetector:DebouceMem_key0" File: C:/Users/Windows10/Desktop/Insper6S/DesComp/ProjetoRelogio/aula7-processador/projeto_relogio_descomp/relogio.vhd Line: 442
Info: Quartus Prime Analysis & Elaboration was successful. 0 errors, 11 warnings
    Info: Peak virtual memory: 4841 megabytes
    Info: Processing ended: Sun Apr 17 21:36:00 2022
    Info: Elapsed time: 00:00:07
    Info: Total CPU time (on all processors): 00:00:16


